<?xml version="1.0" encoding="UTF-8"?>
<testsuite xmlns:xsi="http://www.w3.org/2001/XMLSchema-instance" xsi:noNamespaceSchemaLocation="https://maven.apache.org/surefire/maven-surefire-plugin/xsd/surefire-test-report.xsd" name="ru.netology.javaqa.objectorientedprogramminganddesing.RadioTest" time="0.228" tests="6" errors="0" skipped="0" failures="0">
  <properties>
[...]
</properties>
  <testcase name="shouldNextCurrentStation" classname="ru.netology.javaqa.objectorientedprogramminganddesing.RadioTest" time="0.131"/>
  <testcase name="shouldDecVolume" classname="ru.netology.javaqa.objectorientedprogramminganddesing.RadioTest" time="0"/>
  <testcase name="shouldPreviousCurrentStation" classname="ru.netology.javaqa.objectorientedprogramminganddesing.RadioTest" time="0.016"/>
  <testcase name="shouldIncreaseVolume" classname="ru.netology.javaqa.objectorientedprogramminganddesing.RadioTest" time="0"/>
  <testcase name="shouldSetVolume" classname="ru.netology.javaqa.objectorientedprogramminganddesing.RadioTest" time="0"/>
  <testcase name="shouldCurrentStation" classname="ru.netology.javaqa.objectorientedprogramminganddesing.RadioTest" time="0.002"/>
</testsuite>